[0.553s] DEBUG:colcon:Command line arguments: ['/usr/bin/colcon', 'build', '--packages-select', 'lcm_bridge']
[0.554s] DEBUG:colcon:Parsed command line arguments: Namespace(log_base=None, log_level=None, verb_name='build', build_base='build', install_base='install', merge_install=False, symlink_install=False, test_result_base=None, continue_on_error=False, executor='parallel', parallel_workers=8, event_handlers=None, ignore_user_meta=False, metas=['./colcon.meta'], base_paths=['.'], packages_ignore=None, packages_ignore_regex=None, paths=None, packages_up_to=None, packages_up_to_regex=None, packages_above=None, packages_above_and_dependencies=None, packages_above_depth=None, packages_select_by_dep=None, packages_skip_by_dep=None, packages_skip_up_to=None, packages_select_build_failed=False, packages_skip_build_finished=False, packages_select_test_failures=False, packages_skip_test_passed=False, packages_select=['lcm_bridge'], packages_skip=None, packages_select_regex=None, packages_skip_regex=None, packages_start=None, packages_end=None, allow_overriding=[], cmake_args=None, cmake_target=None, cmake_target_skip_unavailable=False, cmake_clean_cache=False, cmake_clean_first=False, cmake_force_configure=False, ament_cmake_args=None, catkin_cmake_args=None, catkin_skip_building_tests=False, verb_parser=<colcon_defaults.argument_parser.defaults.DefaultArgumentsDecorator object at 0x7ffffe56ee60>, verb_extension=<colcon_core.verb.build.BuildVerb object at 0x7ffffe56fb20>, main=<bound method BuildVerb.main of <colcon_core.verb.build.BuildVerb object at 0x7ffffe56fb20>>)
[0.590s] Level 1:colcon.colcon_core.package_discovery:discover_packages(colcon_meta) check parameters
[0.590s] Level 1:colcon.colcon_core.package_discovery:discover_packages(recursive) check parameters
[0.590s] Level 1:colcon.colcon_core.package_discovery:discover_packages(ignore) check parameters
[0.590s] Level 1:colcon.colcon_core.package_discovery:discover_packages(path) check parameters
[0.591s] Level 1:colcon.colcon_core.package_discovery:discover_packages(colcon_meta) discover
[0.591s] Level 1:colcon.colcon_core.package_discovery:discover_packages(recursive) discover
[0.591s] INFO:colcon.colcon_core.package_discovery:Crawling recursively for packages in '/root/code/ros2_ws/src/lcm_bridge'
[0.592s] Level 1:colcon.colcon_core.package_identification:_identify(.) by extensions ['ignore', 'ignore_ament_install']
[0.592s] Level 1:colcon.colcon_core.package_identification:_identify(.) by extension 'ignore'
[0.592s] Level 1:colcon.colcon_core.package_identification:_identify(.) by extension 'ignore_ament_install'
[0.593s] Level 1:colcon.colcon_core.package_identification:_identify(.) by extensions ['colcon_pkg']
[0.593s] Level 1:colcon.colcon_core.package_identification:_identify(.) by extension 'colcon_pkg'
[0.593s] Level 1:colcon.colcon_core.package_identification:_identify(.) by extensions ['colcon_meta']
[0.593s] Level 1:colcon.colcon_core.package_identification:_identify(.) by extension 'colcon_meta'
[0.593s] Level 1:colcon.colcon_core.package_identification:_identify(.) by extensions ['ros']
[0.593s] Level 1:colcon.colcon_core.package_identification:_identify(.) by extension 'ros'
[0.608s] DEBUG:colcon.colcon_core.package_identification:Package '.' with type 'ros.ament_cmake' and name 'lcm_bridge'
[0.608s] Level 1:colcon.colcon_core.package_discovery:discover_packages(recursive) using defaults
[0.608s] Level 1:colcon.colcon_core.package_discovery:discover_packages(ignore) discover
[0.608s] Level 1:colcon.colcon_core.package_discovery:discover_packages(ignore) using defaults
[0.608s] Level 1:colcon.colcon_core.package_discovery:discover_packages(path) discover
[0.608s] Level 1:colcon.colcon_core.package_discovery:discover_packages(path) using defaults
[0.661s] Level 1:colcon.colcon_core.package_discovery:discover_packages(prefix_path) check parameters
[0.661s] Level 1:colcon.colcon_core.package_discovery:discover_packages(prefix_path) discover
[0.677s] DEBUG:colcon.colcon_installed_package_information.package_discovery:Found 180 installed packages in /opt/ros/humble
[0.678s] Level 1:colcon.colcon_core.package_discovery:discover_packages(prefix_path) using defaults
[0.723s] Level 5:colcon.colcon_core.verb:set package 'lcm_bridge' build argument 'cmake_args' from command line to 'None'
[0.723s] Level 5:colcon.colcon_core.verb:set package 'lcm_bridge' build argument 'cmake_target' from command line to 'None'
[0.723s] Level 5:colcon.colcon_core.verb:set package 'lcm_bridge' build argument 'cmake_target_skip_unavailable' from command line to 'False'
[0.723s] Level 5:colcon.colcon_core.verb:set package 'lcm_bridge' build argument 'cmake_clean_cache' from command line to 'False'
[0.723s] Level 5:colcon.colcon_core.verb:set package 'lcm_bridge' build argument 'cmake_clean_first' from command line to 'False'
[0.724s] Level 5:colcon.colcon_core.verb:set package 'lcm_bridge' build argument 'cmake_force_configure' from command line to 'False'
[0.724s] Level 5:colcon.colcon_core.verb:set package 'lcm_bridge' build argument 'ament_cmake_args' from command line to 'None'
[0.724s] Level 5:colcon.colcon_core.verb:set package 'lcm_bridge' build argument 'catkin_cmake_args' from command line to 'None'
[0.724s] Level 5:colcon.colcon_core.verb:set package 'lcm_bridge' build argument 'catkin_skip_building_tests' from command line to 'False'
[0.724s] DEBUG:colcon.colcon_core.verb:Building package 'lcm_bridge' with the following arguments: {'ament_cmake_args': None, 'build_base': '/root/code/ros2_ws/src/lcm_bridge/build/lcm_bridge', 'catkin_cmake_args': None, 'catkin_skip_building_tests': False, 'cmake_args': None, 'cmake_clean_cache': False, 'cmake_clean_first': False, 'cmake_force_configure': False, 'cmake_target': None, 'cmake_target_skip_unavailable': False, 'install_base': '/root/code/ros2_ws/src/lcm_bridge/install/lcm_bridge', 'merge_install': False, 'path': '/root/code/ros2_ws/src/lcm_bridge', 'symlink_install': False, 'test_result_base': None}
[0.731s] INFO:colcon.colcon_core.executor:Executing jobs using 'parallel' executor
[0.742s] DEBUG:colcon.colcon_parallel_executor.executor.parallel:run_until_complete
[0.743s] INFO:colcon.colcon_ros.task.ament_cmake.build:Building ROS package in '/root/code/ros2_ws/src/lcm_bridge' with build type 'ament_cmake'
[0.744s] INFO:colcon.colcon_cmake.task.cmake.build:Building CMake package in '/root/code/ros2_ws/src/lcm_bridge'
[0.753s] INFO:colcon.colcon_core.plugin_system:Skipping extension 'colcon_core.shell.bat': Not used on non-Windows systems
[0.754s] INFO:colcon.colcon_core.shell:Skip shell extension 'powershell' for command environment: Not usable outside of PowerShell
[0.754s] DEBUG:colcon.colcon_core.shell:Skip shell extension 'dsv' for command environment
[0.815s] DEBUG:colcon.colcon_core.event_handler.log_command:Invoking command in '/root/code/ros2_ws/src/lcm_bridge/build/lcm_bridge': CMAKE_PREFIX_PATH=/opt/ros/humble /usr/bin/cmake /root/code/ros2_ws/src/lcm_bridge -DCMAKE_INSTALL_PREFIX=/root/code/ros2_ws/src/lcm_bridge/install/lcm_bridge
[7.038s] DEBUG:colcon.colcon_core.event_handler.log_command:Invoked command in '/root/code/ros2_ws/src/lcm_bridge/build/lcm_bridge' returned '0': CMAKE_PREFIX_PATH=/opt/ros/humble /usr/bin/cmake /root/code/ros2_ws/src/lcm_bridge -DCMAKE_INSTALL_PREFIX=/root/code/ros2_ws/src/lcm_bridge/install/lcm_bridge
[7.045s] DEBUG:colcon.colcon_core.event_handler.log_command:Invoking command in '/root/code/ros2_ws/src/lcm_bridge/build/lcm_bridge': CMAKE_PREFIX_PATH=/opt/ros/humble /usr/bin/cmake --build /root/code/ros2_ws/src/lcm_bridge/build/lcm_bridge -- -j8 -l8
[12.865s] DEBUG:colcon.colcon_core.event_handler.log_command:Invoked command in '/root/code/ros2_ws/src/lcm_bridge/build/lcm_bridge' returned '0': CMAKE_PREFIX_PATH=/opt/ros/humble /usr/bin/cmake --build /root/code/ros2_ws/src/lcm_bridge/build/lcm_bridge -- -j8 -l8
[13.935s] DEBUG:colcon.colcon_core.event_handler.log_command:Invoking command in '/root/code/ros2_ws/src/lcm_bridge/build/lcm_bridge': CMAKE_PREFIX_PATH=/opt/ros/humble /usr/bin/cmake --install /root/code/ros2_ws/src/lcm_bridge/build/lcm_bridge
[14.343s] Level 1:colcon.colcon_core.environment:create_environment_scripts_only(lcm_bridge)
[14.344s] DEBUG:colcon.colcon_core.event_handler.log_command:Invoked command in '/root/code/ros2_ws/src/lcm_bridge/build/lcm_bridge' returned '0': CMAKE_PREFIX_PATH=/opt/ros/humble /usr/bin/cmake --install /root/code/ros2_ws/src/lcm_bridge/build/lcm_bridge
[14.355s] Level 1:colcon.colcon_core.environment:checking '/root/code/ros2_ws/src/lcm_bridge/install/lcm_bridge' for CMake module files
[14.357s] Level 1:colcon.colcon_core.environment:checking '/root/code/ros2_ws/src/lcm_bridge/install/lcm_bridge' for CMake config files
[14.362s] Level 1:colcon.colcon_core.shell:create_environment_hook('lcm_bridge', 'cmake_prefix_path')
[14.370s] INFO:colcon.colcon_core.shell:Creating environment hook '/root/code/ros2_ws/src/lcm_bridge/install/lcm_bridge/share/lcm_bridge/hook/cmake_prefix_path.ps1'
[14.372s] INFO:colcon.colcon_core.shell:Creating environment descriptor '/root/code/ros2_ws/src/lcm_bridge/install/lcm_bridge/share/lcm_bridge/hook/cmake_prefix_path.dsv'
[14.373s] INFO:colcon.colcon_core.shell:Creating environment hook '/root/code/ros2_ws/src/lcm_bridge/install/lcm_bridge/share/lcm_bridge/hook/cmake_prefix_path.sh'
[14.375s] Level 1:colcon.colcon_core.environment:checking '/root/code/ros2_ws/src/lcm_bridge/install/lcm_bridge/lib'
[14.375s] Level 1:colcon.colcon_core.shell:create_environment_hook('lcm_bridge', 'ld_library_path_lib')
[14.383s] INFO:colcon.colcon_core.shell:Creating environment hook '/root/code/ros2_ws/src/lcm_bridge/install/lcm_bridge/share/lcm_bridge/hook/ld_library_path_lib.ps1'
[14.384s] INFO:colcon.colcon_core.shell:Creating environment descriptor '/root/code/ros2_ws/src/lcm_bridge/install/lcm_bridge/share/lcm_bridge/hook/ld_library_path_lib.dsv'
[14.385s] INFO:colcon.colcon_core.shell:Creating environment hook '/root/code/ros2_ws/src/lcm_bridge/install/lcm_bridge/share/lcm_bridge/hook/ld_library_path_lib.sh'
[14.386s] Level 1:colcon.colcon_core.environment:checking '/root/code/ros2_ws/src/lcm_bridge/install/lcm_bridge/bin'
[14.386s] Level 1:colcon.colcon_core.environment:checking '/root/code/ros2_ws/src/lcm_bridge/install/lcm_bridge/lib/pkgconfig/lcm_bridge.pc'
[14.387s] Level 1:colcon.colcon_core.environment:checking '/root/code/ros2_ws/src/lcm_bridge/install/lcm_bridge/lib/python3.10/site-packages'
[14.387s] Level 1:colcon.colcon_core.environment:checking '/root/code/ros2_ws/src/lcm_bridge/install/lcm_bridge/bin'
[14.395s] INFO:colcon.colcon_core.shell:Creating package script '/root/code/ros2_ws/src/lcm_bridge/install/lcm_bridge/share/lcm_bridge/package.ps1'
[14.397s] INFO:colcon.colcon_core.shell:Creating package descriptor '/root/code/ros2_ws/src/lcm_bridge/install/lcm_bridge/share/lcm_bridge/package.dsv'
[14.398s] INFO:colcon.colcon_core.shell:Creating package script '/root/code/ros2_ws/src/lcm_bridge/install/lcm_bridge/share/lcm_bridge/package.sh'
[14.399s] INFO:colcon.colcon_core.shell:Creating package script '/root/code/ros2_ws/src/lcm_bridge/install/lcm_bridge/share/lcm_bridge/package.bash'
[14.400s] INFO:colcon.colcon_core.shell:Creating package script '/root/code/ros2_ws/src/lcm_bridge/install/lcm_bridge/share/lcm_bridge/package.zsh'
[14.401s] Level 1:colcon.colcon_core.environment:create_file_with_runtime_dependencies(/root/code/ros2_ws/src/lcm_bridge/install/lcm_bridge/share/colcon-core/packages/lcm_bridge)
[15.433s] Level 1:colcon.colcon_core.environment:create_environment_scripts_only(lcm_bridge)
[15.441s] Level 1:colcon.colcon_core.environment:checking '/root/code/ros2_ws/src/lcm_bridge/install/lcm_bridge' for CMake module files
[15.446s] Level 1:colcon.colcon_core.environment:checking '/root/code/ros2_ws/src/lcm_bridge/install/lcm_bridge' for CMake config files
[15.451s] Level 1:colcon.colcon_core.shell:create_environment_hook('lcm_bridge', 'cmake_prefix_path')
[15.460s] INFO:colcon.colcon_core.shell:Creating environment hook '/root/code/ros2_ws/src/lcm_bridge/install/lcm_bridge/share/lcm_bridge/hook/cmake_prefix_path.ps1'
[15.461s] INFO:colcon.colcon_core.shell:Creating environment descriptor '/root/code/ros2_ws/src/lcm_bridge/install/lcm_bridge/share/lcm_bridge/hook/cmake_prefix_path.dsv'
[15.462s] INFO:colcon.colcon_core.shell:Creating environment hook '/root/code/ros2_ws/src/lcm_bridge/install/lcm_bridge/share/lcm_bridge/hook/cmake_prefix_path.sh'
[15.463s] Level 1:colcon.colcon_core.environment:checking '/root/code/ros2_ws/src/lcm_bridge/install/lcm_bridge/lib'
[15.464s] Level 1:colcon.colcon_core.shell:create_environment_hook('lcm_bridge', 'ld_library_path_lib')
[15.472s] INFO:colcon.colcon_core.shell:Creating environment hook '/root/code/ros2_ws/src/lcm_bridge/install/lcm_bridge/share/lcm_bridge/hook/ld_library_path_lib.ps1'
[15.473s] INFO:colcon.colcon_core.shell:Creating environment descriptor '/root/code/ros2_ws/src/lcm_bridge/install/lcm_bridge/share/lcm_bridge/hook/ld_library_path_lib.dsv'
[15.474s] INFO:colcon.colcon_core.shell:Creating environment hook '/root/code/ros2_ws/src/lcm_bridge/install/lcm_bridge/share/lcm_bridge/hook/ld_library_path_lib.sh'
[15.475s] Level 1:colcon.colcon_core.environment:checking '/root/code/ros2_ws/src/lcm_bridge/install/lcm_bridge/bin'
[15.475s] Level 1:colcon.colcon_core.environment:checking '/root/code/ros2_ws/src/lcm_bridge/install/lcm_bridge/lib/pkgconfig/lcm_bridge.pc'
[15.475s] Level 1:colcon.colcon_core.environment:checking '/root/code/ros2_ws/src/lcm_bridge/install/lcm_bridge/lib/python3.10/site-packages'
[15.476s] Level 1:colcon.colcon_core.environment:checking '/root/code/ros2_ws/src/lcm_bridge/install/lcm_bridge/bin'
[15.484s] INFO:colcon.colcon_core.shell:Creating package script '/root/code/ros2_ws/src/lcm_bridge/install/lcm_bridge/share/lcm_bridge/package.ps1'
[15.485s] INFO:colcon.colcon_core.shell:Creating package descriptor '/root/code/ros2_ws/src/lcm_bridge/install/lcm_bridge/share/lcm_bridge/package.dsv'
[15.486s] INFO:colcon.colcon_core.shell:Creating package script '/root/code/ros2_ws/src/lcm_bridge/install/lcm_bridge/share/lcm_bridge/package.sh'
[15.487s] INFO:colcon.colcon_core.shell:Creating package script '/root/code/ros2_ws/src/lcm_bridge/install/lcm_bridge/share/lcm_bridge/package.bash'
[15.488s] INFO:colcon.colcon_core.shell:Creating package script '/root/code/ros2_ws/src/lcm_bridge/install/lcm_bridge/share/lcm_bridge/package.zsh'
[15.489s] Level 1:colcon.colcon_core.environment:create_file_with_runtime_dependencies(/root/code/ros2_ws/src/lcm_bridge/install/lcm_bridge/share/colcon-core/packages/lcm_bridge)
[15.490s] DEBUG:colcon.colcon_parallel_executor.executor.parallel:closing loop
[15.491s] DEBUG:colcon.colcon_parallel_executor.executor.parallel:loop closed
[15.491s] DEBUG:colcon.colcon_parallel_executor.executor.parallel:run_until_complete finished with '0'
[15.491s] DEBUG:colcon.colcon_core.event_reactor:joining thread
[15.507s] INFO:colcon.colcon_core.plugin_system:Skipping extension 'colcon_notification.desktop_notification.notify_send': Could not find 'notify-send'
[15.507s] INFO:colcon.colcon_core.plugin_system:Skipping extension 'colcon_notification.desktop_notification.terminal_notifier': Not used on non-Darwin systems
[15.507s] INFO:colcon.colcon_core.plugin_system:Skipping extension 'colcon_notification.desktop_notification.win32': Not used on non-Windows systems
[15.508s] INFO:colcon.colcon_notification.desktop_notification:Sending desktop notification using 'notify2'
[15.509s] DEBUG:colcon.colcon_notification.desktop_notification.notify2:Failed to initialize notify2: org.freedesktop.DBus.Error.NotSupported: Unable to autolaunch a dbus-daemon without a $DISPLAY for X11
[15.510s] DEBUG:colcon.colcon_core.event_reactor:joined thread
[15.519s] INFO:colcon.colcon_core.shell:Creating prefix script '/root/code/ros2_ws/src/lcm_bridge/install/local_setup.ps1'
[15.521s] INFO:colcon.colcon_core.shell:Creating prefix util module '/root/code/ros2_ws/src/lcm_bridge/install/_local_setup_util_ps1.py'
[15.523s] INFO:colcon.colcon_core.shell:Creating prefix chain script '/root/code/ros2_ws/src/lcm_bridge/install/setup.ps1'
[15.533s] INFO:colcon.colcon_core.shell:Creating prefix script '/root/code/ros2_ws/src/lcm_bridge/install/local_setup.sh'
[15.534s] INFO:colcon.colcon_core.shell:Creating prefix util module '/root/code/ros2_ws/src/lcm_bridge/install/_local_setup_util_sh.py'
[15.535s] INFO:colcon.colcon_core.shell:Creating prefix chain script '/root/code/ros2_ws/src/lcm_bridge/install/setup.sh'
[15.545s] INFO:colcon.colcon_core.shell:Creating prefix script '/root/code/ros2_ws/src/lcm_bridge/install/local_setup.bash'
[15.546s] INFO:colcon.colcon_core.shell:Creating prefix chain script '/root/code/ros2_ws/src/lcm_bridge/install/setup.bash'
[15.555s] INFO:colcon.colcon_core.shell:Creating prefix script '/root/code/ros2_ws/src/lcm_bridge/install/local_setup.zsh'
[15.556s] INFO:colcon.colcon_core.shell:Creating prefix chain script '/root/code/ros2_ws/src/lcm_bridge/install/setup.zsh'
